d:\c++\project_5_nhom_hello_kitty\final_project\final_project\x64\debug\vc143.pdb
d:\c++\project_5_nhom_hello_kitty\final_project\final_project\x64\debug\vc143.idb
d:\c++\project_5_nhom_hello_kitty\final_project\final_project\x64\debug\ve.obj
d:\c++\project_5_nhom_hello_kitty\final_project\final_project\x64\debug\queue.obj
d:\c++\project_5_nhom_hello_kitty\final_project\final_project\x64\debug\node.obj
d:\c++\project_5_nhom_hello_kitty\final_project\final_project\x64\debug\nhanvien.obj
d:\c++\project_5_nhom_hello_kitty\final_project\final_project\x64\debug\maybay.obj
d:\c++\project_5_nhom_hello_kitty\final_project\final_project\x64\debug\main.obj
d:\c++\project_5_nhom_hello_kitty\final_project\final_project\x64\debug\linkedlist.obj
d:\c++\project_5_nhom_hello_kitty\final_project\final_project\x64\debug\khachhang.obj
d:\c++\project_5_nhom_hello_kitty\final_project\final_project\x64\debug\header.obj
d:\c++\project_5_nhom_hello_kitty\final_project\final_project\x64\debug\danhsachvesuccess.obj
d:\c++\project_5_nhom_hello_kitty\final_project\final_project\x64\debug\danhsachvepending.obj
d:\c++\project_5_nhom_hello_kitty\final_project\final_project\x64\debug\danhsachnhanvien.obj
d:\c++\project_5_nhom_hello_kitty\final_project\final_project\x64\debug\danhsachmaybay.obj
d:\c++\project_5_nhom_hello_kitty\final_project\final_project\x64\debug\danhsachkhachhang.obj
d:\c++\project_5_nhom_hello_kitty\final_project\final_project\x64\debug\danhsachchuyenbay.obj
d:\c++\project_5_nhom_hello_kitty\final_project\final_project\x64\debug\chuyenbay.obj
d:\c++\project_5_nhom_hello_kitty\final_project\final_project\x64\debug\arraylist.obj
d:\c++\project_5_nhom_hello_kitty\final_project\final_project\x64\debug\final_project.ilk
d:\c++\project_5_nhom_hello_kitty\final_project\x64\debug\final_project.exe
d:\c++\project_5_nhom_hello_kitty\final_project\x64\debug\final_project.pdb
d:\c++\project_5_nhom_hello_kitty\final_project\final_project\x64\debug\final_project.tlog\cl.command.1.tlog
d:\c++\project_5_nhom_hello_kitty\final_project\final_project\x64\debug\final_project.tlog\cl.read.1.tlog
d:\c++\project_5_nhom_hello_kitty\final_project\final_project\x64\debug\final_project.tlog\cl.write.1.tlog
d:\c++\project_5_nhom_hello_kitty\final_project\final_project\x64\debug\final_project.tlog\link.command.1.tlog
d:\c++\project_5_nhom_hello_kitty\final_project\final_project\x64\debug\final_project.tlog\link.read.1.tlog
d:\c++\project_5_nhom_hello_kitty\final_project\final_project\x64\debug\final_project.tlog\link.write.1.tlog
